<?xml version="1.0" encoding="UTF-8"?>
<!-- Generated by org.testng.reporters.JUnitReportReporter -->
<testsuite hostname="Shobuj-Laptop" failures="0" tests="1" name="testcases.LoginTest" time="4.721" errors="0" timestamp="2025-02-17T15:11:00 BDT" skipped="0">
  <testcase classname="testcases.LoginTest" name="testValidLogin" time="4.721"/>
</testsuite> <!-- testcases.LoginTest -->
