<?xml version="1.0" encoding="UTF-8"?>
<!-- Generated by org.testng.reporters.JUnitReportReporter -->
<testsuite hostname="Shobuj-Laptop" failures="0" tests="12" name="testcases.ReportsTest" time="32.254" errors="0" timestamp="2025-02-17T17:08:53 BDT" skipped="0">
  <testcase classname="testcases.ReportsTest" name="StandardReports" time="4.469"/>
  <testcase classname="testcases.ReportsTest" name="R1_Studentenrollmentbynationality" time="3.270"/>
  <testcase classname="testcases.ReportsTest" name="R2_Listofstudentsenrolledbyyear" time="2.328"/>
  <testcase classname="testcases.ReportsTest" name="R3_Listofstudentsnotpassed" time="2.274"/>
  <testcase classname="testcases.ReportsTest" name="R4_StudentsemesterGPAreport" time="3.503"/>
  <testcase classname="testcases.ReportsTest" name="R5_StudentYearlyGPAreport" time="2.377"/>
  <testcase classname="testcases.ReportsTest" name="R6_StudentCGPAreport" time="2.606"/>
  <testcase classname="testcases.ReportsTest" name="R7C_Listofallcoursesremainingtograduate" time="2.260"/>
  <testcase classname="testcases.ReportsTest" name="R7B_Listofcoursesremainingtograduate" time="2.231"/>
  <testcase classname="testcases.ReportsTest" name="R7A_Listofcoursesremainingtograduate" time="2.163"/>
  <testcase classname="testcases.ReportsTest" name="R8_StudentsGraduatingInSpring2025" time="2.222"/>
  <testcase classname="testcases.ReportsTest" name="R9_StudentsNeedingLessThan12CreditsToGraduate" time="2.551"/>
</testsuite> <!-- testcases.ReportsTest -->
